<?xml version="1.0" encoding="UTF-8"?>
<!-- Generated by org.testng.reporters.JUnitXMLReporter -->
<testsuite hostname="NTPC01905" ignored="0" name="Test1" tests="1" failures="0" timestamp="06 Feb 2019 11:22:19 GMT" time="0.031" errors="0">
  <testcase name="@BeforeTest openBrowser" time="0.016" classname="com.base.BaseClass">
    <failure type="java.lang.IllegalStateException" message="The path to the driver executable must be set by the webdriver.ie.driver system property; for more information, see https://github.com/SeleniumHQ/selenium/wiki/InternetExplorerDriver. The latest version can be downloaded from http://selenium-release.storage.googleapis.com/index.html">
      <![CDATA[java.lang.IllegalStateException: The path to the driver executable must be set by the webdriver.ie.driver system property; for more information, see https://github.com/SeleniumHQ/selenium/wiki/InternetExplorerDriver. The latest version can be downloaded from http://selenium-release.storage.googleapis.com/index.html
at com.google.common.base.Preconditions.checkState(Preconditions.java:847)
at org.openqa.selenium.remote.service.DriverService.findExecutable(DriverService.java:125)
at org.openqa.selenium.ie.InternetExplorerDriverService.access$000(InternetExplorerDriverService.java:35)
at org.openqa.selenium.ie.InternetExplorerDriverService$Builder.findDefaultExecutable(InternetExplorerDriverService.java:188)
at org.openqa.selenium.remote.service.DriverService$Builder.build(DriverService.java:346)
at org.openqa.selenium.ie.InternetExplorerDriver.setupService(InternetExplorerDriver.java:281)
at org.openqa.selenium.ie.InternetExplorerDriver.<init>(InternetExplorerDriver.java:211)
at org.openqa.selenium.ie.InternetExplorerDriver.<init>(InternetExplorerDriver.java:150)
at com.base.BaseClass.openBrowser(BaseClass.java:46)
... Removed 24 stack frames]]>
    </failure>
  </testcase> <!-- @BeforeTest openBrowser -->
  <testcase name="@BeforeClass beforeClass" time="0.0" classname="reportManager.ExtentTestNGReportBuilder">
    <skipped/>
  </testcase> <!-- @BeforeClass beforeClass -->
  <testcase name="@BeforeMethod beforeMethod" time="0.0" classname="reportManager.ExtentTestNGReportBuilder">
    <skipped/>
  </testcase> <!-- @BeforeMethod beforeMethod -->
  <testcase name="@AfterMethod afterMethod" time="0.0" classname="com.base.BaseClass">
    <skipped/>
  </testcase> <!-- @AfterMethod afterMethod -->
  <testcase name="testDropdown" time="0.0" classname="test.DropdownTest">
    <skipped/>
  </testcase> <!-- testDropdown -->
</testsuite> <!-- Test1 -->
